ERROR - 2024-04-02 17:14:59 --> Error connecting to the database: mysqli_sql_exception: Unknown database 'Trabalho1' in /home/aluno/Imagens/Trabalho1KauaeRIan/codeigniter4-framework-7d393f8/system/Database/MySQLi/Connection.php:185
Stack trace:
#0 /home/aluno/Imagens/Trabalho1KauaeRIan/codeigniter4-framework-7d393f8/system/Database/MySQLi/Connection.php(185): mysqli->real_connect()
#1 /home/aluno/Imagens/Trabalho1KauaeRIan/codeigniter4-framework-7d393f8/system/Database/BaseConnection.php(392): CodeIgniter\Database\MySQLi\Connection->connect()
#2 /home/aluno/Imagens/Trabalho1KauaeRIan/codeigniter4-framework-7d393f8/system/Database/BaseConnection.php(575): CodeIgniter\Database\BaseConnection->initialize()
#3 /home/aluno/Imagens/Trabalho1KauaeRIan/codeigniter4-framework-7d393f8/system/Database/BaseBuilder.php(2307): CodeIgniter\Database\BaseConnection->query()
#4 /home/aluno/Imagens/Trabalho1KauaeRIan/codeigniter4-framework-7d393f8/system/Model.php(326): CodeIgniter\Database\BaseBuilder->insert()
#5 /home/aluno/Imagens/Trabalho1KauaeRIan/codeigniter4-framework-7d393f8/system/BaseModel.php(802): CodeIgniter\Model->doInsert()
#6 /home/aluno/Imagens/Trabalho1KauaeRIan/codeigniter4-framework-7d393f8/system/Model.php(744): CodeIgniter\BaseModel->insert()
#7 /home/aluno/Imagens/Trabalho1KauaeRIan/codeigniter4-framework-7d393f8/app/Controllers/pokecontroler.php(15): CodeIgniter\Model->insert()
#8 /home/aluno/Imagens/Trabalho1KauaeRIan/codeigniter4-framework-7d393f8/system/CodeIgniter.php(941): App\Controllers\pokecontroler->pokereceive()
#9 /home/aluno/Imagens/Trabalho1KauaeRIan/codeigniter4-framework-7d393f8/system/CodeIgniter.php(502): CodeIgniter\CodeIgniter->runController()
#10 /home/aluno/Imagens/Trabalho1KauaeRIan/codeigniter4-framework-7d393f8/system/CodeIgniter.php(361): CodeIgniter\CodeIgniter->handleRequest()
#11 /home/aluno/Imagens/Trabalho1KauaeRIan/codeigniter4-framework-7d393f8/public/index.php(79): CodeIgniter\CodeIgniter->run()
#12 /home/aluno/Imagens/Trabalho1KauaeRIan/codeigniter4-framework-7d393f8/system/Commands/Server/rewrite.php(47): require_once('...')
#13 {main}

Next CodeIgniter\Database\Exceptions\DatabaseException: Unknown database 'Trabalho1' in /home/aluno/Imagens/Trabalho1KauaeRIan/codeigniter4-framework-7d393f8/system/Database/MySQLi/Connection.php:229
Stack trace:
#0 /home/aluno/Imagens/Trabalho1KauaeRIan/codeigniter4-framework-7d393f8/system/Database/BaseConnection.php(392): CodeIgniter\Database\MySQLi\Connection->connect()
#1 /home/aluno/Imagens/Trabalho1KauaeRIan/codeigniter4-framework-7d393f8/system/Database/BaseConnection.php(575): CodeIgniter\Database\BaseConnection->initialize()
#2 /home/aluno/Imagens/Trabalho1KauaeRIan/codeigniter4-framework-7d393f8/system/Database/BaseBuilder.php(2307): CodeIgniter\Database\BaseConnection->query()
#3 /home/aluno/Imagens/Trabalho1KauaeRIan/codeigniter4-framework-7d393f8/system/Model.php(326): CodeIgniter\Database\BaseBuilder->insert()
#4 /home/aluno/Imagens/Trabalho1KauaeRIan/codeigniter4-framework-7d393f8/system/BaseModel.php(802): CodeIgniter\Model->doInsert()
#5 /home/aluno/Imagens/Trabalho1KauaeRIan/codeigniter4-framework-7d393f8/system/Model.php(744): CodeIgniter\BaseModel->insert()
#6 /home/aluno/Imagens/Trabalho1KauaeRIan/codeigniter4-framework-7d393f8/app/Controllers/pokecontroler.php(15): CodeIgniter\Model->insert()
#7 /home/aluno/Imagens/Trabalho1KauaeRIan/codeigniter4-framework-7d393f8/system/CodeIgniter.php(941): App\Controllers\pokecontroler->pokereceive()
#8 /home/aluno/Imagens/Trabalho1KauaeRIan/codeigniter4-framework-7d393f8/system/CodeIgniter.php(502): CodeIgniter\CodeIgniter->runController()
#9 /home/aluno/Imagens/Trabalho1KauaeRIan/codeigniter4-framework-7d393f8/system/CodeIgniter.php(361): CodeIgniter\CodeIgniter->handleRequest()
#10 /home/aluno/Imagens/Trabalho1KauaeRIan/codeigniter4-framework-7d393f8/public/index.php(79): CodeIgniter\CodeIgniter->run()
#11 /home/aluno/Imagens/Trabalho1KauaeRIan/codeigniter4-framework-7d393f8/system/Commands/Server/rewrite.php(47): require_once('...')
#12 {main}
CRITICAL - 2024-04-02 17:14:59 --> CodeIgniter\Database\Exceptions\DatabaseException: Unable to connect to the database.
Main connection [MySQLi]: Unknown database 'Trabalho1'
in SYSTEMPATH/Database/BaseConnection.php on line 428.
 1 SYSTEMPATH/Database/BaseConnection.php(575): CodeIgniter\Database\BaseConnection->initialize()
 2 SYSTEMPATH/Database/BaseBuilder.php(2307): CodeIgniter\Database\BaseConnection->query()
 3 SYSTEMPATH/Model.php(326): CodeIgniter\Database\BaseBuilder->insert()
 4 SYSTEMPATH/BaseModel.php(802): CodeIgniter\Model->doInsert()
 5 SYSTEMPATH/Model.php(744): CodeIgniter\BaseModel->insert()
 6 APPPATH/Controllers/pokecontroler.php(15): CodeIgniter\Model->insert()
 7 SYSTEMPATH/CodeIgniter.php(941): App\Controllers\pokecontroler->pokereceive()
 8 SYSTEMPATH/CodeIgniter.php(502): CodeIgniter\CodeIgniter->runController()
 9 SYSTEMPATH/CodeIgniter.php(361): CodeIgniter\CodeIgniter->handleRequest()
10 FCPATH/index.php(79): CodeIgniter\CodeIgniter->run()
11 SYSTEMPATH/Commands/Server/rewrite.php(47): require_once('/home/aluno/Imagens/Trabalho1KauaeRIan/codeigniter4-framework-7d393f8/public/index.php')
CRITICAL - 2024-04-02 18:42:43 --> ErrorException: Undefined variable $UsuariosModel
in APPPATH/Controllers/Home.php on line 45.
 1 APPPATH/Controllers/Home.php(45): CodeIgniter\Debug\Exceptions->errorHandler()
 2 SYSTEMPATH/CodeIgniter.php(941): App\Controllers\Home->validarlogin()
 3 SYSTEMPATH/CodeIgniter.php(502): CodeIgniter\CodeIgniter->runController()
 4 SYSTEMPATH/CodeIgniter.php(361): CodeIgniter\CodeIgniter->handleRequest()
 5 FCPATH/index.php(79): CodeIgniter\CodeIgniter->run()
 6 SYSTEMPATH/Commands/Server/rewrite.php(47): require_once('/home/aluno/Imagens/Trabalho1KauaeRIan/codeigniter4-framework-7d393f8/public/index.php')
CRITICAL - 2024-04-02 18:43:27 --> TypeError: App\Controllers\Home::validarlogin(): Return value must be of type string, none returned
in APPPATH/Controllers/Home.php on line 56.
 1 SYSTEMPATH/CodeIgniter.php(941): App\Controllers\Home->validarlogin()
 2 SYSTEMPATH/CodeIgniter.php(502): CodeIgniter\CodeIgniter->runController()
 3 SYSTEMPATH/CodeIgniter.php(361): CodeIgniter\CodeIgniter->handleRequest()
 4 FCPATH/index.php(79): CodeIgniter\CodeIgniter->run()
 5 SYSTEMPATH/Commands/Server/rewrite.php(47): require_once('/home/aluno/Imagens/Trabalho1KauaeRIan/codeigniter4-framework-7d393f8/public/index.php')
ERROR - 2024-04-02 19:29:13 --> mysqli_sql_exception: You have an error in your SQL syntax; check the manual that corresponds to your MySQL server version for the right syntax to use near ':0:
AND 1 = :1:
 LIMIT 1' at line 3 in /home/aluno/Imagens/Trabalho1KauaeRIan/codeigniter4-framework-7d393f8/system/Database/MySQLi/Connection.php:306
Stack trace:
#0 /home/aluno/Imagens/Trabalho1KauaeRIan/codeigniter4-framework-7d393f8/system/Database/MySQLi/Connection.php(306): mysqli->query()
#1 /home/aluno/Imagens/Trabalho1KauaeRIan/codeigniter4-framework-7d393f8/system/Database/BaseConnection.php(693): CodeIgniter\Database\MySQLi\Connection->execute()
#2 /home/aluno/Imagens/Trabalho1KauaeRIan/codeigniter4-framework-7d393f8/system/Database/BaseConnection.php(607): CodeIgniter\Database\BaseConnection->simpleQuery()
#3 /home/aluno/Imagens/Trabalho1KauaeRIan/codeigniter4-framework-7d393f8/system/Database/BaseBuilder.php(1616): CodeIgniter\Database\BaseConnection->query()
#4 /home/aluno/Imagens/Trabalho1KauaeRIan/codeigniter4-framework-7d393f8/system/Model.php(270): CodeIgniter\Database\BaseBuilder->get()
#5 /home/aluno/Imagens/Trabalho1KauaeRIan/codeigniter4-framework-7d393f8/system/BaseModel.php(676): CodeIgniter\Model->doFirst()
#6 /home/aluno/Imagens/Trabalho1KauaeRIan/codeigniter4-framework-7d393f8/app/Controllers/Home.php(46): CodeIgniter\BaseModel->first()
#7 /home/aluno/Imagens/Trabalho1KauaeRIan/codeigniter4-framework-7d393f8/system/CodeIgniter.php(941): App\Controllers\Home->validarlogin()
#8 /home/aluno/Imagens/Trabalho1KauaeRIan/codeigniter4-framework-7d393f8/system/CodeIgniter.php(502): CodeIgniter\CodeIgniter->runController()
#9 /home/aluno/Imagens/Trabalho1KauaeRIan/codeigniter4-framework-7d393f8/system/CodeIgniter.php(361): CodeIgniter\CodeIgniter->handleRequest()
#10 /home/aluno/Imagens/Trabalho1KauaeRIan/codeigniter4-framework-7d393f8/public/index.php(79): CodeIgniter\CodeIgniter->run()
#11 /home/aluno/Imagens/Trabalho1KauaeRIan/codeigniter4-framework-7d393f8/system/Commands/Server/rewrite.php(47): require_once('...')
#12 {main}
CRITICAL - 2024-04-02 19:29:13 --> CodeIgniter\Database\Exceptions\DatabaseException: You have an error in your SQL syntax; check the manual that corresponds to your MySQL server version for the right syntax to use near ':0:
AND 1 = :1:
 LIMIT 1' at line 3
in SYSTEMPATH/Database/BaseConnection.php on line 647.
 1 SYSTEMPATH/Database/BaseBuilder.php(1616): CodeIgniter\Database\BaseConnection->query()
 2 SYSTEMPATH/Model.php(270): CodeIgniter\Database\BaseBuilder->get()
 3 SYSTEMPATH/BaseModel.php(676): CodeIgniter\Model->doFirst()
 4 APPPATH/Controllers/Home.php(46): CodeIgniter\BaseModel->first()
 5 SYSTEMPATH/CodeIgniter.php(941): App\Controllers\Home->validarlogin()
 6 SYSTEMPATH/CodeIgniter.php(502): CodeIgniter\CodeIgniter->runController()
 7 SYSTEMPATH/CodeIgniter.php(361): CodeIgniter\CodeIgniter->handleRequest()
 8 FCPATH/index.php(79): CodeIgniter\CodeIgniter->run()
 9 SYSTEMPATH/Commands/Server/rewrite.php(47): require_once('/home/aluno/Imagens/Trabalho1KauaeRIan/codeigniter4-framework-7d393f8/public/index.php')
CRITICAL - 2024-04-02 19:29:13 --> [Caused by] CodeIgniter\Database\Exceptions\DatabaseException: You have an error in your SQL syntax; check the manual that corresponds to your MySQL server version for the right syntax to use near ':0:
AND 1 = :1:
 LIMIT 1' at line 3
in SYSTEMPATH/Database/MySQLi/Connection.php on line 311.
 1 SYSTEMPATH/Database/BaseConnection.php(693): CodeIgniter\Database\MySQLi\Connection->execute()
 2 SYSTEMPATH/Database/BaseConnection.php(607): CodeIgniter\Database\BaseConnection->simpleQuery()
 3 SYSTEMPATH/Database/BaseBuilder.php(1616): CodeIgniter\Database\BaseConnection->query()
 4 SYSTEMPATH/Model.php(270): CodeIgniter\Database\BaseBuilder->get()
 5 SYSTEMPATH/BaseModel.php(676): CodeIgniter\Model->doFirst()
 6 APPPATH/Controllers/Home.php(46): CodeIgniter\BaseModel->first()
 7 SYSTEMPATH/CodeIgniter.php(941): App\Controllers\Home->validarlogin()
 8 SYSTEMPATH/CodeIgniter.php(502): CodeIgniter\CodeIgniter->runController()
 9 SYSTEMPATH/CodeIgniter.php(361): CodeIgniter\CodeIgniter->handleRequest()
10 FCPATH/index.php(79): CodeIgniter\CodeIgniter->run()
11 SYSTEMPATH/Commands/Server/rewrite.php(47): require_once('/home/aluno/Imagens/Trabalho1KauaeRIan/codeigniter4-framework-7d393f8/public/index.php')
CRITICAL - 2024-04-02 19:29:13 --> [Caused by] mysqli_sql_exception: You have an error in your SQL syntax; check the manual that corresponds to your MySQL server version for the right syntax to use near ':0:
AND 1 = :1:
 LIMIT 1' at line 3
in SYSTEMPATH/Database/MySQLi/Connection.php on line 306.
 1 SYSTEMPATH/Database/MySQLi/Connection.php(306): mysqli->query()
 2 SYSTEMPATH/Database/BaseConnection.php(693): CodeIgniter\Database\MySQLi\Connection->execute()
 3 SYSTEMPATH/Database/BaseConnection.php(607): CodeIgniter\Database\BaseConnection->simpleQuery()
 4 SYSTEMPATH/Database/BaseBuilder.php(1616): CodeIgniter\Database\BaseConnection->query()
 5 SYSTEMPATH/Model.php(270): CodeIgniter\Database\BaseBuilder->get()
 6 SYSTEMPATH/BaseModel.php(676): CodeIgniter\Model->doFirst()
 7 APPPATH/Controllers/Home.php(46): CodeIgniter\BaseModel->first()
 8 SYSTEMPATH/CodeIgniter.php(941): App\Controllers\Home->validarlogin()
 9 SYSTEMPATH/CodeIgniter.php(502): CodeIgniter\CodeIgniter->runController()
10 SYSTEMPATH/CodeIgniter.php(361): CodeIgniter\CodeIgniter->handleRequest()
11 FCPATH/index.php(79): CodeIgniter\CodeIgniter->run()
12 SYSTEMPATH/Commands/Server/rewrite.php(47): require_once('/home/aluno/Imagens/Trabalho1KauaeRIan/codeigniter4-framework-7d393f8/public/index.php')
