CRITICAL - 2024-03-12 20:06:38 --> CodeIgniter\Database\Exceptions\DataException: There is no data to insert.
in SYSTEMPATH/BaseModel.php on line 788.
 1 SYSTEMPATH/BaseModel.php(788): CodeIgniter\Database\Exceptions\DataException::forEmptyDataset()
 2 SYSTEMPATH/Model.php(744): CodeIgniter\BaseModel->insert()
 3 APPPATH/Controllers/pokecontroler.php(16): CodeIgniter\Model->insert()
 4 SYSTEMPATH/CodeIgniter.php(941): App\Controllers\pokecontroler->pokereceive()
 5 SYSTEMPATH/CodeIgniter.php(502): CodeIgniter\CodeIgniter->runController()
 6 SYSTEMPATH/CodeIgniter.php(361): CodeIgniter\CodeIgniter->handleRequest()
 7 FCPATH/index.php(79): CodeIgniter\CodeIgniter->run()
 8 SYSTEMPATH/Commands/Server/rewrite.php(47): require_once('/home/aluno/Documentos/Alan Motta/4C/DSI/codeigniter4-framework-7d393f8/public/index.php')
CRITICAL - 2024-03-12 20:22:33 --> TypeError: App\Controllers\pokecontroler::pokereceive(): Return value must be of type string, none returned
in APPPATH/Controllers/pokecontroler.php on line 21.
 1 SYSTEMPATH/CodeIgniter.php(941): App\Controllers\pokecontroler->pokereceive()
 2 SYSTEMPATH/CodeIgniter.php(502): CodeIgniter\CodeIgniter->runController()
 3 SYSTEMPATH/CodeIgniter.php(361): CodeIgniter\CodeIgniter->handleRequest()
 4 FCPATH/index.php(79): CodeIgniter\CodeIgniter->run()
 5 SYSTEMPATH/Commands/Server/rewrite.php(47): require_once('/home/aluno/Documentos/Alan Motta/4C/DSI/codeigniter4-framework-7d393f8/public/index.php')
CRITICAL - 2024-03-12 20:23:30 --> CodeIgniter\Database\Exceptions\DataException: There is no data to insert.
in SYSTEMPATH/BaseModel.php on line 788.
 1 SYSTEMPATH/BaseModel.php(788): CodeIgniter\Database\Exceptions\DataException::forEmptyDataset()
 2 SYSTEMPATH/Model.php(744): CodeIgniter\BaseModel->insert()
 3 APPPATH/Controllers/pokecontroler.php(16): CodeIgniter\Model->insert()
 4 SYSTEMPATH/CodeIgniter.php(941): App\Controllers\pokecontroler->pokereceive()
 5 SYSTEMPATH/CodeIgniter.php(502): CodeIgniter\CodeIgniter->runController()
 6 SYSTEMPATH/CodeIgniter.php(361): CodeIgniter\CodeIgniter->handleRequest()
 7 FCPATH/index.php(79): CodeIgniter\CodeIgniter->run()
 8 SYSTEMPATH/Commands/Server/rewrite.php(47): require_once('/home/aluno/Documentos/Alan Motta/4C/DSI/codeigniter4-framework-7d393f8/public/index.php')
ERROR - 2024-03-12 20:24:06 --> Error connecting to the database: mysqli_sql_exception: Unknown database 'ci4' in /home/aluno/Documentos/Alan Motta/4C/DSI/codeigniter4-framework-7d393f8/system/Database/MySQLi/Connection.php:185
Stack trace:
#0 /home/aluno/Documentos/Alan Motta/4C/DSI/codeigniter4-framework-7d393f8/system/Database/MySQLi/Connection.php(185): mysqli->real_connect()
#1 /home/aluno/Documentos/Alan Motta/4C/DSI/codeigniter4-framework-7d393f8/system/Database/BaseConnection.php(392): CodeIgniter\Database\MySQLi\Connection->connect()
#2 /home/aluno/Documentos/Alan Motta/4C/DSI/codeigniter4-framework-7d393f8/system/Database/BaseConnection.php(575): CodeIgniter\Database\BaseConnection->initialize()
#3 /home/aluno/Documentos/Alan Motta/4C/DSI/codeigniter4-framework-7d393f8/system/Database/BaseBuilder.php(2307): CodeIgniter\Database\BaseConnection->query()
#4 /home/aluno/Documentos/Alan Motta/4C/DSI/codeigniter4-framework-7d393f8/system/Model.php(326): CodeIgniter\Database\BaseBuilder->insert()
#5 /home/aluno/Documentos/Alan Motta/4C/DSI/codeigniter4-framework-7d393f8/system/BaseModel.php(802): CodeIgniter\Model->doInsert()
#6 /home/aluno/Documentos/Alan Motta/4C/DSI/codeigniter4-framework-7d393f8/system/Model.php(744): CodeIgniter\BaseModel->insert()
#7 /home/aluno/Documentos/Alan Motta/4C/DSI/codeigniter4-framework-7d393f8/app/Controllers/pokecontroler.php(16): CodeIgniter\Model->insert()
#8 /home/aluno/Documentos/Alan Motta/4C/DSI/codeigniter4-framework-7d393f8/system/CodeIgniter.php(941): App\Controllers\pokecontroler->pokereceive()
#9 /home/aluno/Documentos/Alan Motta/4C/DSI/codeigniter4-framework-7d393f8/system/CodeIgniter.php(502): CodeIgniter\CodeIgniter->runController()
#10 /home/aluno/Documentos/Alan Motta/4C/DSI/codeigniter4-framework-7d393f8/system/CodeIgniter.php(361): CodeIgniter\CodeIgniter->handleRequest()
#11 /home/aluno/Documentos/Alan Motta/4C/DSI/codeigniter4-framework-7d393f8/public/index.php(79): CodeIgniter\CodeIgniter->run()
#12 /home/aluno/Documentos/Alan Motta/4C/DSI/codeigniter4-framework-7d393f8/system/Commands/Server/rewrite.php(47): require_once('...')
#13 {main}

Next CodeIgniter\Database\Exceptions\DatabaseException: Unknown database 'ci4' in /home/aluno/Documentos/Alan Motta/4C/DSI/codeigniter4-framework-7d393f8/system/Database/MySQLi/Connection.php:229
Stack trace:
#0 /home/aluno/Documentos/Alan Motta/4C/DSI/codeigniter4-framework-7d393f8/system/Database/BaseConnection.php(392): CodeIgniter\Database\MySQLi\Connection->connect()
#1 /home/aluno/Documentos/Alan Motta/4C/DSI/codeigniter4-framework-7d393f8/system/Database/BaseConnection.php(575): CodeIgniter\Database\BaseConnection->initialize()
#2 /home/aluno/Documentos/Alan Motta/4C/DSI/codeigniter4-framework-7d393f8/system/Database/BaseBuilder.php(2307): CodeIgniter\Database\BaseConnection->query()
#3 /home/aluno/Documentos/Alan Motta/4C/DSI/codeigniter4-framework-7d393f8/system/Model.php(326): CodeIgniter\Database\BaseBuilder->insert()
#4 /home/aluno/Documentos/Alan Motta/4C/DSI/codeigniter4-framework-7d393f8/system/BaseModel.php(802): CodeIgniter\Model->doInsert()
#5 /home/aluno/Documentos/Alan Motta/4C/DSI/codeigniter4-framework-7d393f8/system/Model.php(744): CodeIgniter\BaseModel->insert()
#6 /home/aluno/Documentos/Alan Motta/4C/DSI/codeigniter4-framework-7d393f8/app/Controllers/pokecontroler.php(16): CodeIgniter\Model->insert()
#7 /home/aluno/Documentos/Alan Motta/4C/DSI/codeigniter4-framework-7d393f8/system/CodeIgniter.php(941): App\Controllers\pokecontroler->pokereceive()
#8 /home/aluno/Documentos/Alan Motta/4C/DSI/codeigniter4-framework-7d393f8/system/CodeIgniter.php(502): CodeIgniter\CodeIgniter->runController()
#9 /home/aluno/Documentos/Alan Motta/4C/DSI/codeigniter4-framework-7d393f8/system/CodeIgniter.php(361): CodeIgniter\CodeIgniter->handleRequest()
#10 /home/aluno/Documentos/Alan Motta/4C/DSI/codeigniter4-framework-7d393f8/public/index.php(79): CodeIgniter\CodeIgniter->run()
#11 /home/aluno/Documentos/Alan Motta/4C/DSI/codeigniter4-framework-7d393f8/system/Commands/Server/rewrite.php(47): require_once('...')
#12 {main}
CRITICAL - 2024-03-12 20:24:06 --> CodeIgniter\Database\Exceptions\DatabaseException: Unable to connect to the database.
Main connection [MySQLi]: Unknown database 'ci4'
in SYSTEMPATH/Database/BaseConnection.php on line 428.
 1 SYSTEMPATH/Database/BaseConnection.php(575): CodeIgniter\Database\BaseConnection->initialize()
 2 SYSTEMPATH/Database/BaseBuilder.php(2307): CodeIgniter\Database\BaseConnection->query()
 3 SYSTEMPATH/Model.php(326): CodeIgniter\Database\BaseBuilder->insert()
 4 SYSTEMPATH/BaseModel.php(802): CodeIgniter\Model->doInsert()
 5 SYSTEMPATH/Model.php(744): CodeIgniter\BaseModel->insert()
 6 APPPATH/Controllers/pokecontroler.php(16): CodeIgniter\Model->insert()
 7 SYSTEMPATH/CodeIgniter.php(941): App\Controllers\pokecontroler->pokereceive()
 8 SYSTEMPATH/CodeIgniter.php(502): CodeIgniter\CodeIgniter->runController()
 9 SYSTEMPATH/CodeIgniter.php(361): CodeIgniter\CodeIgniter->handleRequest()
10 FCPATH/index.php(79): CodeIgniter\CodeIgniter->run()
11 SYSTEMPATH/Commands/Server/rewrite.php(47): require_once('/home/aluno/Documentos/Alan Motta/4C/DSI/codeigniter4-framework-7d393f8/public/index.php')
CRITICAL - 2024-03-12 20:25:20 --> TypeError: App\Controllers\pokecontroler::pokereceive(): Return value must be of type string, none returned
in APPPATH/Controllers/pokecontroler.php on line 21.
 1 SYSTEMPATH/CodeIgniter.php(941): App\Controllers\pokecontroler->pokereceive()
 2 SYSTEMPATH/CodeIgniter.php(502): CodeIgniter\CodeIgniter->runController()
 3 SYSTEMPATH/CodeIgniter.php(361): CodeIgniter\CodeIgniter->handleRequest()
 4 FCPATH/index.php(79): CodeIgniter\CodeIgniter->run()
 5 SYSTEMPATH/Commands/Server/rewrite.php(47): require_once('/home/aluno/Documentos/Alan Motta/4C/DSI/codeigniter4-framework-7d393f8/public/index.php')
CRITICAL - 2024-03-12 20:25:39 --> ErrorException: Undefined variable $pokenome
in APPPATH/Views/pokeresultado.php on line 27.
 1 APPPATH/Views/pokeresultado.php(27): CodeIgniter\Debug\Exceptions->errorHandler()
 2 SYSTEMPATH/View/View.php(228): include('/home/aluno/Documentos/Alan Motta/4C/DSI/codeigniter4-framework-7d393f8/app/Views/pokeresultado.php')
 3 SYSTEMPATH/View/View.php(231): CodeIgniter\View\View->CodeIgniter\View\{closure}()
 4 SYSTEMPATH/Common.php(1178): CodeIgniter\View\View->render()
 5 APPPATH/Controllers/pokecontroler.php(20): view()
 6 SYSTEMPATH/CodeIgniter.php(941): App\Controllers\pokecontroler->pokereceive()
 7 SYSTEMPATH/CodeIgniter.php(502): CodeIgniter\CodeIgniter->runController()
 8 SYSTEMPATH/CodeIgniter.php(361): CodeIgniter\CodeIgniter->handleRequest()
 9 FCPATH/index.php(79): CodeIgniter\CodeIgniter->run()
10 SYSTEMPATH/Commands/Server/rewrite.php(47): require_once('/home/aluno/Documentos/Alan Motta/4C/DSI/codeigniter4-framework-7d393f8/public/index.php')
