CRITICAL - 2024-03-19 17:20:20 --> Error: Class "App\Controllers\PokemonModel" not found
in APPPATH/Controllers/pokecontroler.php on line 25.
 1 SYSTEMPATH/CodeIgniter.php(941): App\Controllers\pokecontroler->pokedelete()
 2 SYSTEMPATH/CodeIgniter.php(502): CodeIgniter\CodeIgniter->runController()
 3 SYSTEMPATH/CodeIgniter.php(361): CodeIgniter\CodeIgniter->handleRequest()
 4 FCPATH/index.php(79): CodeIgniter\CodeIgniter->run()
 5 SYSTEMPATH/Commands/Server/rewrite.php(47): require_once('/home/aluno/Documentos/Alan Motta/4C/DSI/codeigniter4-framework-7d393f8/public/index.php')
CRITICAL - 2024-03-19 17:26:15 --> ErrorException: Undefined variable $result
in APPPATH/Views/pokeresultado.php on line 25.
 1 APPPATH/Views/pokeresultado.php(25): CodeIgniter\Debug\Exceptions->errorHandler()
 2 SYSTEMPATH/View/View.php(228): include('/home/aluno/Documentos/Alan Motta/4C/DSI/codeigniter4-framework-7d393f8/app/Views/pokeresultado.php')
 3 SYSTEMPATH/View/View.php(231): CodeIgniter\View\View->CodeIgniter\View\{closure}()
 4 SYSTEMPATH/Common.php(1178): CodeIgniter\View\View->render()
 5 APPPATH/Controllers/pokecontroler.php(27): view()
 6 SYSTEMPATH/CodeIgniter.php(941): App\Controllers\pokecontroler->pokedelete()
 7 SYSTEMPATH/CodeIgniter.php(502): CodeIgniter\CodeIgniter->runController()
 8 SYSTEMPATH/CodeIgniter.php(361): CodeIgniter\CodeIgniter->handleRequest()
 9 FCPATH/index.php(79): CodeIgniter\CodeIgniter->run()
10 SYSTEMPATH/Commands/Server/rewrite.php(47): require_once('/home/aluno/Documentos/Alan Motta/4C/DSI/codeigniter4-framework-7d393f8/public/index.php')
CRITICAL - 2024-03-19 17:27:23 --> ErrorException: Undefined variable $result
in APPPATH/Views/pokeresultado.php on line 25.
 1 APPPATH/Views/pokeresultado.php(25): CodeIgniter\Debug\Exceptions->errorHandler()
 2 SYSTEMPATH/View/View.php(228): include('/home/aluno/Documentos/Alan Motta/4C/DSI/codeigniter4-framework-7d393f8/app/Views/pokeresultado.php')
 3 SYSTEMPATH/View/View.php(231): CodeIgniter\View\View->CodeIgniter\View\{closure}()
 4 SYSTEMPATH/Common.php(1178): CodeIgniter\View\View->render()
 5 APPPATH/Controllers/pokecontroler.php(27): view()
 6 SYSTEMPATH/CodeIgniter.php(941): App\Controllers\pokecontroler->pokedelete()
 7 SYSTEMPATH/CodeIgniter.php(502): CodeIgniter\CodeIgniter->runController()
 8 SYSTEMPATH/CodeIgniter.php(361): CodeIgniter\CodeIgniter->handleRequest()
 9 FCPATH/index.php(79): CodeIgniter\CodeIgniter->run()
10 SYSTEMPATH/Commands/Server/rewrite.php(47): require_once('/home/aluno/Documentos/Alan Motta/4C/DSI/codeigniter4-framework-7d393f8/public/index.php')
CRITICAL - 2024-03-19 17:27:32 --> ErrorException: Undefined variable $result
in APPPATH/Views/pokeresultado.php on line 25.
 1 APPPATH/Views/pokeresultado.php(25): CodeIgniter\Debug\Exceptions->errorHandler()
 2 SYSTEMPATH/View/View.php(228): include('/home/aluno/Documentos/Alan Motta/4C/DSI/codeigniter4-framework-7d393f8/app/Views/pokeresultado.php')
 3 SYSTEMPATH/View/View.php(231): CodeIgniter\View\View->CodeIgniter\View\{closure}()
 4 SYSTEMPATH/Common.php(1178): CodeIgniter\View\View->render()
 5 APPPATH/Controllers/pokecontroler.php(27): view()
 6 SYSTEMPATH/CodeIgniter.php(941): App\Controllers\pokecontroler->pokedelete()
 7 SYSTEMPATH/CodeIgniter.php(502): CodeIgniter\CodeIgniter->runController()
 8 SYSTEMPATH/CodeIgniter.php(361): CodeIgniter\CodeIgniter->handleRequest()
 9 FCPATH/index.php(79): CodeIgniter\CodeIgniter->run()
10 SYSTEMPATH/Commands/Server/rewrite.php(47): require_once('/home/aluno/Documentos/Alan Motta/4C/DSI/codeigniter4-framework-7d393f8/public/index.php')
CRITICAL - 2024-03-19 17:27:37 --> ErrorException: Undefined variable $result
in APPPATH/Views/pokeresultado.php on line 25.
 1 APPPATH/Views/pokeresultado.php(25): CodeIgniter\Debug\Exceptions->errorHandler()
 2 SYSTEMPATH/View/View.php(228): include('/home/aluno/Documentos/Alan Motta/4C/DSI/codeigniter4-framework-7d393f8/app/Views/pokeresultado.php')
 3 SYSTEMPATH/View/View.php(231): CodeIgniter\View\View->CodeIgniter\View\{closure}()
 4 SYSTEMPATH/Common.php(1178): CodeIgniter\View\View->render()
 5 APPPATH/Controllers/pokecontroler.php(27): view()
 6 SYSTEMPATH/CodeIgniter.php(941): App\Controllers\pokecontroler->pokedelete()
 7 SYSTEMPATH/CodeIgniter.php(502): CodeIgniter\CodeIgniter->runController()
 8 SYSTEMPATH/CodeIgniter.php(361): CodeIgniter\CodeIgniter->handleRequest()
 9 FCPATH/index.php(79): CodeIgniter\CodeIgniter->run()
10 SYSTEMPATH/Commands/Server/rewrite.php(47): require_once('/home/aluno/Documentos/Alan Motta/4C/DSI/codeigniter4-framework-7d393f8/public/index.php')
ERROR - 2024-03-19 17:33:24 --> mysqli_sql_exception: Column 'Nome' cannot be null in /home/aluno/Documentos/Alan Motta/4C/DSI/codeigniter4-framework-7d393f8/system/Database/MySQLi/Connection.php:306
Stack trace:
#0 /home/aluno/Documentos/Alan Motta/4C/DSI/codeigniter4-framework-7d393f8/system/Database/MySQLi/Connection.php(306): mysqli->query()
#1 /home/aluno/Documentos/Alan Motta/4C/DSI/codeigniter4-framework-7d393f8/system/Database/BaseConnection.php(693): CodeIgniter\Database\MySQLi\Connection->execute()
#2 /home/aluno/Documentos/Alan Motta/4C/DSI/codeigniter4-framework-7d393f8/system/Database/BaseConnection.php(607): CodeIgniter\Database\BaseConnection->simpleQuery()
#3 /home/aluno/Documentos/Alan Motta/4C/DSI/codeigniter4-framework-7d393f8/system/Database/BaseBuilder.php(2307): CodeIgniter\Database\BaseConnection->query()
#4 /home/aluno/Documentos/Alan Motta/4C/DSI/codeigniter4-framework-7d393f8/system/Model.php(326): CodeIgniter\Database\BaseBuilder->insert()
#5 /home/aluno/Documentos/Alan Motta/4C/DSI/codeigniter4-framework-7d393f8/system/BaseModel.php(802): CodeIgniter\Model->doInsert()
#6 /home/aluno/Documentos/Alan Motta/4C/DSI/codeigniter4-framework-7d393f8/system/Model.php(744): CodeIgniter\BaseModel->insert()
#7 /home/aluno/Documentos/Alan Motta/4C/DSI/codeigniter4-framework-7d393f8/app/Controllers/pokecontroler.php(15): CodeIgniter\Model->insert()
#8 /home/aluno/Documentos/Alan Motta/4C/DSI/codeigniter4-framework-7d393f8/system/CodeIgniter.php(941): App\Controllers\pokecontroler->pokereceive()
#9 /home/aluno/Documentos/Alan Motta/4C/DSI/codeigniter4-framework-7d393f8/system/CodeIgniter.php(502): CodeIgniter\CodeIgniter->runController()
#10 /home/aluno/Documentos/Alan Motta/4C/DSI/codeigniter4-framework-7d393f8/system/CodeIgniter.php(361): CodeIgniter\CodeIgniter->handleRequest()
#11 /home/aluno/Documentos/Alan Motta/4C/DSI/codeigniter4-framework-7d393f8/public/index.php(79): CodeIgniter\CodeIgniter->run()
#12 /home/aluno/Documentos/Alan Motta/4C/DSI/codeigniter4-framework-7d393f8/system/Commands/Server/rewrite.php(47): require_once('...')
#13 {main}
CRITICAL - 2024-03-19 17:33:24 --> CodeIgniter\Database\Exceptions\DatabaseException: Column 'Nome' cannot be null
in SYSTEMPATH/Database/BaseConnection.php on line 647.
 1 SYSTEMPATH/Database/BaseBuilder.php(2307): CodeIgniter\Database\BaseConnection->query()
 2 SYSTEMPATH/Model.php(326): CodeIgniter\Database\BaseBuilder->insert()
 3 SYSTEMPATH/BaseModel.php(802): CodeIgniter\Model->doInsert()
 4 SYSTEMPATH/Model.php(744): CodeIgniter\BaseModel->insert()
 5 APPPATH/Controllers/pokecontroler.php(15): CodeIgniter\Model->insert()
 6 SYSTEMPATH/CodeIgniter.php(941): App\Controllers\pokecontroler->pokereceive()
 7 SYSTEMPATH/CodeIgniter.php(502): CodeIgniter\CodeIgniter->runController()
 8 SYSTEMPATH/CodeIgniter.php(361): CodeIgniter\CodeIgniter->handleRequest()
 9 FCPATH/index.php(79): CodeIgniter\CodeIgniter->run()
10 SYSTEMPATH/Commands/Server/rewrite.php(47): require_once('/home/aluno/Documentos/Alan Motta/4C/DSI/codeigniter4-framework-7d393f8/public/index.php')
CRITICAL - 2024-03-19 17:33:24 --> [Caused by] CodeIgniter\Database\Exceptions\DatabaseException: Column 'Nome' cannot be null
in SYSTEMPATH/Database/MySQLi/Connection.php on line 311.
 1 SYSTEMPATH/Database/BaseConnection.php(693): CodeIgniter\Database\MySQLi\Connection->execute()
 2 SYSTEMPATH/Database/BaseConnection.php(607): CodeIgniter\Database\BaseConnection->simpleQuery()
 3 SYSTEMPATH/Database/BaseBuilder.php(2307): CodeIgniter\Database\BaseConnection->query()
 4 SYSTEMPATH/Model.php(326): CodeIgniter\Database\BaseBuilder->insert()
 5 SYSTEMPATH/BaseModel.php(802): CodeIgniter\Model->doInsert()
 6 SYSTEMPATH/Model.php(744): CodeIgniter\BaseModel->insert()
 7 APPPATH/Controllers/pokecontroler.php(15): CodeIgniter\Model->insert()
 8 SYSTEMPATH/CodeIgniter.php(941): App\Controllers\pokecontroler->pokereceive()
 9 SYSTEMPATH/CodeIgniter.php(502): CodeIgniter\CodeIgniter->runController()
10 SYSTEMPATH/CodeIgniter.php(361): CodeIgniter\CodeIgniter->handleRequest()
11 FCPATH/index.php(79): CodeIgniter\CodeIgniter->run()
12 SYSTEMPATH/Commands/Server/rewrite.php(47): require_once('/home/aluno/Documentos/Alan Motta/4C/DSI/codeigniter4-framework-7d393f8/public/index.php')
CRITICAL - 2024-03-19 17:33:24 --> [Caused by] mysqli_sql_exception: Column 'Nome' cannot be null
in SYSTEMPATH/Database/MySQLi/Connection.php on line 306.
 1 SYSTEMPATH/Database/MySQLi/Connection.php(306): mysqli->query()
 2 SYSTEMPATH/Database/BaseConnection.php(693): CodeIgniter\Database\MySQLi\Connection->execute()
 3 SYSTEMPATH/Database/BaseConnection.php(607): CodeIgniter\Database\BaseConnection->simpleQuery()
 4 SYSTEMPATH/Database/BaseBuilder.php(2307): CodeIgniter\Database\BaseConnection->query()
 5 SYSTEMPATH/Model.php(326): CodeIgniter\Database\BaseBuilder->insert()
 6 SYSTEMPATH/BaseModel.php(802): CodeIgniter\Model->doInsert()
 7 SYSTEMPATH/Model.php(744): CodeIgniter\BaseModel->insert()
 8 APPPATH/Controllers/pokecontroler.php(15): CodeIgniter\Model->insert()
 9 SYSTEMPATH/CodeIgniter.php(941): App\Controllers\pokecontroler->pokereceive()
10 SYSTEMPATH/CodeIgniter.php(502): CodeIgniter\CodeIgniter->runController()
11 SYSTEMPATH/CodeIgniter.php(361): CodeIgniter\CodeIgniter->handleRequest()
12 FCPATH/index.php(79): CodeIgniter\CodeIgniter->run()
13 SYSTEMPATH/Commands/Server/rewrite.php(47): require_once('/home/aluno/Documentos/Alan Motta/4C/DSI/codeigniter4-framework-7d393f8/public/index.php')
ERROR - 2024-03-19 17:33:50 --> mysqli_sql_exception: Column 'Nome' cannot be null in /home/aluno/Documentos/Alan Motta/4C/DSI/codeigniter4-framework-7d393f8/system/Database/MySQLi/Connection.php:306
Stack trace:
#0 /home/aluno/Documentos/Alan Motta/4C/DSI/codeigniter4-framework-7d393f8/system/Database/MySQLi/Connection.php(306): mysqli->query()
#1 /home/aluno/Documentos/Alan Motta/4C/DSI/codeigniter4-framework-7d393f8/system/Database/BaseConnection.php(693): CodeIgniter\Database\MySQLi\Connection->execute()
#2 /home/aluno/Documentos/Alan Motta/4C/DSI/codeigniter4-framework-7d393f8/system/Database/BaseConnection.php(607): CodeIgniter\Database\BaseConnection->simpleQuery()
#3 /home/aluno/Documentos/Alan Motta/4C/DSI/codeigniter4-framework-7d393f8/system/Database/BaseBuilder.php(2307): CodeIgniter\Database\BaseConnection->query()
#4 /home/aluno/Documentos/Alan Motta/4C/DSI/codeigniter4-framework-7d393f8/system/Model.php(326): CodeIgniter\Database\BaseBuilder->insert()
#5 /home/aluno/Documentos/Alan Motta/4C/DSI/codeigniter4-framework-7d393f8/system/BaseModel.php(802): CodeIgniter\Model->doInsert()
#6 /home/aluno/Documentos/Alan Motta/4C/DSI/codeigniter4-framework-7d393f8/system/Model.php(744): CodeIgniter\BaseModel->insert()
#7 /home/aluno/Documentos/Alan Motta/4C/DSI/codeigniter4-framework-7d393f8/app/Controllers/pokecontroler.php(15): CodeIgniter\Model->insert()
#8 /home/aluno/Documentos/Alan Motta/4C/DSI/codeigniter4-framework-7d393f8/system/CodeIgniter.php(941): App\Controllers\pokecontroler->pokereceive()
#9 /home/aluno/Documentos/Alan Motta/4C/DSI/codeigniter4-framework-7d393f8/system/CodeIgniter.php(502): CodeIgniter\CodeIgniter->runController()
#10 /home/aluno/Documentos/Alan Motta/4C/DSI/codeigniter4-framework-7d393f8/system/CodeIgniter.php(361): CodeIgniter\CodeIgniter->handleRequest()
#11 /home/aluno/Documentos/Alan Motta/4C/DSI/codeigniter4-framework-7d393f8/public/index.php(79): CodeIgniter\CodeIgniter->run()
#12 /home/aluno/Documentos/Alan Motta/4C/DSI/codeigniter4-framework-7d393f8/system/Commands/Server/rewrite.php(47): require_once('...')
#13 {main}
CRITICAL - 2024-03-19 17:33:50 --> CodeIgniter\Database\Exceptions\DatabaseException: Column 'Nome' cannot be null
in SYSTEMPATH/Database/BaseConnection.php on line 647.
 1 SYSTEMPATH/Database/BaseBuilder.php(2307): CodeIgniter\Database\BaseConnection->query()
 2 SYSTEMPATH/Model.php(326): CodeIgniter\Database\BaseBuilder->insert()
 3 SYSTEMPATH/BaseModel.php(802): CodeIgniter\Model->doInsert()
 4 SYSTEMPATH/Model.php(744): CodeIgniter\BaseModel->insert()
 5 APPPATH/Controllers/pokecontroler.php(15): CodeIgniter\Model->insert()
 6 SYSTEMPATH/CodeIgniter.php(941): App\Controllers\pokecontroler->pokereceive()
 7 SYSTEMPATH/CodeIgniter.php(502): CodeIgniter\CodeIgniter->runController()
 8 SYSTEMPATH/CodeIgniter.php(361): CodeIgniter\CodeIgniter->handleRequest()
 9 FCPATH/index.php(79): CodeIgniter\CodeIgniter->run()
10 SYSTEMPATH/Commands/Server/rewrite.php(47): require_once('/home/aluno/Documentos/Alan Motta/4C/DSI/codeigniter4-framework-7d393f8/public/index.php')
CRITICAL - 2024-03-19 17:33:50 --> [Caused by] CodeIgniter\Database\Exceptions\DatabaseException: Column 'Nome' cannot be null
in SYSTEMPATH/Database/MySQLi/Connection.php on line 311.
 1 SYSTEMPATH/Database/BaseConnection.php(693): CodeIgniter\Database\MySQLi\Connection->execute()
 2 SYSTEMPATH/Database/BaseConnection.php(607): CodeIgniter\Database\BaseConnection->simpleQuery()
 3 SYSTEMPATH/Database/BaseBuilder.php(2307): CodeIgniter\Database\BaseConnection->query()
 4 SYSTEMPATH/Model.php(326): CodeIgniter\Database\BaseBuilder->insert()
 5 SYSTEMPATH/BaseModel.php(802): CodeIgniter\Model->doInsert()
 6 SYSTEMPATH/Model.php(744): CodeIgniter\BaseModel->insert()
 7 APPPATH/Controllers/pokecontroler.php(15): CodeIgniter\Model->insert()
 8 SYSTEMPATH/CodeIgniter.php(941): App\Controllers\pokecontroler->pokereceive()
 9 SYSTEMPATH/CodeIgniter.php(502): CodeIgniter\CodeIgniter->runController()
10 SYSTEMPATH/CodeIgniter.php(361): CodeIgniter\CodeIgniter->handleRequest()
11 FCPATH/index.php(79): CodeIgniter\CodeIgniter->run()
12 SYSTEMPATH/Commands/Server/rewrite.php(47): require_once('/home/aluno/Documentos/Alan Motta/4C/DSI/codeigniter4-framework-7d393f8/public/index.php')
CRITICAL - 2024-03-19 17:33:50 --> [Caused by] mysqli_sql_exception: Column 'Nome' cannot be null
in SYSTEMPATH/Database/MySQLi/Connection.php on line 306.
 1 SYSTEMPATH/Database/MySQLi/Connection.php(306): mysqli->query()
 2 SYSTEMPATH/Database/BaseConnection.php(693): CodeIgniter\Database\MySQLi\Connection->execute()
 3 SYSTEMPATH/Database/BaseConnection.php(607): CodeIgniter\Database\BaseConnection->simpleQuery()
 4 SYSTEMPATH/Database/BaseBuilder.php(2307): CodeIgniter\Database\BaseConnection->query()
 5 SYSTEMPATH/Model.php(326): CodeIgniter\Database\BaseBuilder->insert()
 6 SYSTEMPATH/BaseModel.php(802): CodeIgniter\Model->doInsert()
 7 SYSTEMPATH/Model.php(744): CodeIgniter\BaseModel->insert()
 8 APPPATH/Controllers/pokecontroler.php(15): CodeIgniter\Model->insert()
 9 SYSTEMPATH/CodeIgniter.php(941): App\Controllers\pokecontroler->pokereceive()
10 SYSTEMPATH/CodeIgniter.php(502): CodeIgniter\CodeIgniter->runController()
11 SYSTEMPATH/CodeIgniter.php(361): CodeIgniter\CodeIgniter->handleRequest()
12 FCPATH/index.php(79): CodeIgniter\CodeIgniter->run()
13 SYSTEMPATH/Commands/Server/rewrite.php(47): require_once('/home/aluno/Documentos/Alan Motta/4C/DSI/codeigniter4-framework-7d393f8/public/index.php')
CRITICAL - 2024-03-19 17:38:49 --> CodeIgniter\View\Exceptions\ViewException: Invalid file: "pokeresult.php"
in SYSTEMPATH/Exceptions/FrameworkException.php on line 39.
 1 SYSTEMPATH/View/View.php(216): CodeIgniter\Exceptions\FrameworkException::forInvalidFile()
 2 SYSTEMPATH/Common.php(1178): CodeIgniter\View\View->render()
 3 APPPATH/Controllers/pokecontroler.php(31): view()
 4 SYSTEMPATH/CodeIgniter.php(941): App\Controllers\pokecontroler->pokeshow()
 5 SYSTEMPATH/CodeIgniter.php(502): CodeIgniter\CodeIgniter->runController()
 6 SYSTEMPATH/CodeIgniter.php(361): CodeIgniter\CodeIgniter->handleRequest()
 7 FCPATH/index.php(79): CodeIgniter\CodeIgniter->run()
 8 SYSTEMPATH/Commands/Server/rewrite.php(47): require_once('/home/aluno/Documentos/Alan Motta/4C/DSI/codeigniter4-framework-7d393f8/public/index.php')
CRITICAL - 2024-03-19 17:40:45 --> ErrorException: Undefined variable $result
in APPPATH/Views/pokeresultado.php on line 25.
 1 APPPATH/Views/pokeresultado.php(25): CodeIgniter\Debug\Exceptions->errorHandler()
 2 SYSTEMPATH/View/View.php(228): include('/home/aluno/Documentos/Alan Motta/4C/DSI/codeigniter4-framework-7d393f8/app/Views/pokeresultado.php')
 3 SYSTEMPATH/View/View.php(231): CodeIgniter\View\View->CodeIgniter\View\{closure}()
 4 SYSTEMPATH/Common.php(1178): CodeIgniter\View\View->render()
 5 APPPATH/Controllers/pokecontroler.php(31): view()
 6 SYSTEMPATH/CodeIgniter.php(941): App\Controllers\pokecontroler->pokeshow()
 7 SYSTEMPATH/CodeIgniter.php(502): CodeIgniter\CodeIgniter->runController()
 8 SYSTEMPATH/CodeIgniter.php(361): CodeIgniter\CodeIgniter->handleRequest()
 9 FCPATH/index.php(79): CodeIgniter\CodeIgniter->run()
10 SYSTEMPATH/Commands/Server/rewrite.php(47): require_once('/home/aluno/Documentos/Alan Motta/4C/DSI/codeigniter4-framework-7d393f8/public/index.php')
